INFO:     Will watch for changes in these directories: ['/Users/sagartripathi/Desktop/parsamba_dai/client-zone-main']
INFO:     Uvicorn running on http://127.0.0.1:8000 (Press CTRL+C to quit)
INFO:     Started reloader process [31933] using WatchFiles
INFO:     Started server process [31936]
INFO:     Waiting for application startup.
2025-10-08 17:11:23,347 - backend.server - INFO - Connected to MongoDB at mongodb://localhost:27017 (DB: crm_db)
INFO:     Application startup complete.
2025-10-08 17:11:24,762 - passlib.handlers.bcrypt - WARNING - (trapped) error reading bcrypt version
Traceback (most recent call last):
  File "/Users/sagartripathi/Desktop/parsamba_dai/client-zone-main/backend/.venv/lib/python3.13/site-packages/passlib/handlers/bcrypt.py", line 620, in _load_backend_mixin
    version = _bcrypt.__about__.__version__
              ^^^^^^^^^^^^^^^^^
AttributeError: module 'bcrypt' has no attribute '__about__'
INFO:     127.0.0.1:63314 - "POST /api/auth/register HTTP/1.1" 500 Internal Server Error
ERROR:    Exception in ASGI application
Traceback (most recent call last):
  File "/Users/sagartripathi/Desktop/parsamba_dai/client-zone-main/backend/.venv/lib/python3.13/site-packages/uvicorn/protocols/http/h11_impl.py", line 408, in run_asgi
    result = await app(  # type: ignore[func-returns-value]
             ^^^^^^^^^^^^^^^^^^^^^^^^^^^^^^^^^^^^^^^^^^^^^^
        self.scope, self.receive, self.send
        ^^^^^^^^^^^^^^^^^^^^^^^^^^^^^^^^^^^
    )
    ^
  File "/Users/sagartripathi/Desktop/parsamba_dai/client-zone-main/backend/.venv/lib/python3.13/site-packages/uvicorn/middleware/proxy_headers.py", line 84, in __call__
    return await self.app(scope, receive, send)
           ^^^^^^^^^^^^^^^^^^^^^^^^^^^^^^^^^^^^
  File "/Users/sagartripathi/Desktop/parsamba_dai/client-zone-main/backend/.venv/lib/python3.13/site-packages/fastapi/applications.py", line 1054, in __call__
    await super().__call__(scope, receive, send)
  File "/Users/sagartripathi/Desktop/parsamba_dai/client-zone-main/backend/.venv/lib/python3.13/site-packages/starlette/applications.py", line 123, in __call__
    await self.middleware_stack(scope, receive, send)
  File "/Users/sagartripathi/Desktop/parsamba_dai/client-zone-main/backend/.venv/lib/python3.13/site-packages/starlette/middleware/errors.py", line 186, in __call__
    raise exc
  File "/Users/sagartripathi/Desktop/parsamba_dai/client-zone-main/backend/.venv/lib/python3.13/site-packages/starlette/middleware/errors.py", line 164, in __call__
    await self.app(scope, receive, _send)
  File "/Users/sagartripathi/Desktop/parsamba_dai/client-zone-main/backend/.venv/lib/python3.13/site-packages/starlette/middleware/cors.py", line 85, in __call__
    await self.app(scope, receive, send)
  File "/Users/sagartripathi/Desktop/parsamba_dai/client-zone-main/backend/.venv/lib/python3.13/site-packages/starlette/middleware/exceptions.py", line 65, in __call__
    await wrap_app_handling_exceptions(self.app, conn)(scope, receive, send)
  File "/Users/sagartripathi/Desktop/parsamba_dai/client-zone-main/backend/.venv/lib/python3.13/site-packages/starlette/_exception_handler.py", line 64, in wrapped_app
    raise exc
  File "/Users/sagartripathi/Desktop/parsamba_dai/client-zone-main/backend/.venv/lib/python3.13/site-packages/starlette/_exception_handler.py", line 53, in wrapped_app
    await app(scope, receive, sender)
  File "/Users/sagartripathi/Desktop/parsamba_dai/client-zone-main/backend/.venv/lib/python3.13/site-packages/starlette/routing.py", line 756, in __call__
    await self.middleware_stack(scope, receive, send)
  File "/Users/sagartripathi/Desktop/parsamba_dai/client-zone-main/backend/.venv/lib/python3.13/site-packages/starlette/routing.py", line 776, in app
    await route.handle(scope, receive, send)
  File "/Users/sagartripathi/Desktop/parsamba_dai/client-zone-main/backend/.venv/lib/python3.13/site-packages/starlette/routing.py", line 297, in handle
    await self.app(scope, receive, send)
  File "/Users/sagartripathi/Desktop/parsamba_dai/client-zone-main/backend/.venv/lib/python3.13/site-packages/starlette/routing.py", line 77, in app
    await wrap_app_handling_exceptions(app, request)(scope, receive, send)
  File "/Users/sagartripathi/Desktop/parsamba_dai/client-zone-main/backend/.venv/lib/python3.13/site-packages/starlette/_exception_handler.py", line 64, in wrapped_app
    raise exc
  File "/Users/sagartripathi/Desktop/parsamba_dai/client-zone-main/backend/.venv/lib/python3.13/site-packages/starlette/_exception_handler.py", line 53, in wrapped_app
    await app(scope, receive, sender)
  File "/Users/sagartripathi/Desktop/parsamba_dai/client-zone-main/backend/.venv/lib/python3.13/site-packages/starlette/routing.py", line 72, in app
    response = await func(request)
               ^^^^^^^^^^^^^^^^^^^
  File "/Users/sagartripathi/Desktop/parsamba_dai/client-zone-main/backend/.venv/lib/python3.13/site-packages/fastapi/routing.py", line 278, in app
    raw_response = await run_endpoint_function(
                   ^^^^^^^^^^^^^^^^^^^^^^^^^^^^
        dependant=dependant, values=values, is_coroutine=is_coroutine
        ^^^^^^^^^^^^^^^^^^^^^^^^^^^^^^^^^^^^^^^^^^^^^^^^^^^^^^^^^^^^^
    )
    ^
  File "/Users/sagartripathi/Desktop/parsamba_dai/client-zone-main/backend/.venv/lib/python3.13/site-packages/fastapi/routing.py", line 191, in run_endpoint_function
    return await dependant.call(**values)
           ^^^^^^^^^^^^^^^^^^^^^^^^^^^^^^
  File "/Users/sagartripathi/Desktop/parsamba_dai/client-zone-main/backend/server.py", line 316, in register
    hashed_password = get_password_hash(user_data.password)
  File "/Users/sagartripathi/Desktop/parsamba_dai/client-zone-main/backend/server.py", line 258, in get_password_hash
    return pwd_context.hash(password)
           ~~~~~~~~~~~~~~~~^^^^^^^^^^
  File "/Users/sagartripathi/Desktop/parsamba_dai/client-zone-main/backend/.venv/lib/python3.13/site-packages/passlib/context.py", line 2258, in hash
    return record.hash(secret, **kwds)
           ~~~~~~~~~~~^^^^^^^^^^^^^^^^
  File "/Users/sagartripathi/Desktop/parsamba_dai/client-zone-main/backend/.venv/lib/python3.13/site-packages/passlib/utils/handlers.py", line 779, in hash
    self.checksum = self._calc_checksum(secret)
                    ~~~~~~~~~~~~~~~~~~~^^^^^^^^
  File "/Users/sagartripathi/Desktop/parsamba_dai/client-zone-main/backend/.venv/lib/python3.13/site-packages/passlib/handlers/bcrypt.py", line 591, in _calc_checksum
    self._stub_requires_backend()
    ~~~~~~~~~~~~~~~~~~~~~~~~~~~^^
  File "/Users/sagartripathi/Desktop/parsamba_dai/client-zone-main/backend/.venv/lib/python3.13/site-packages/passlib/utils/handlers.py", line 2254, in _stub_requires_backend
    cls.set_backend()
    ~~~~~~~~~~~~~~~^^
  File "/Users/sagartripathi/Desktop/parsamba_dai/client-zone-main/backend/.venv/lib/python3.13/site-packages/passlib/utils/handlers.py", line 2156, in set_backend
    return owner.set_backend(name, dryrun=dryrun)
           ~~~~~~~~~~~~~~~~~^^^^^^^^^^^^^^^^^^^^^
  File "/Users/sagartripathi/Desktop/parsamba_dai/client-zone-main/backend/.venv/lib/python3.13/site-packages/passlib/utils/handlers.py", line 2163, in set_backend
    return cls.set_backend(name, dryrun=dryrun)
           ~~~~~~~~~~~~~~~^^^^^^^^^^^^^^^^^^^^^
  File "/Users/sagartripathi/Desktop/parsamba_dai/client-zone-main/backend/.venv/lib/python3.13/site-packages/passlib/utils/handlers.py", line 2188, in set_backend
    cls._set_backend(name, dryrun)
    ~~~~~~~~~~~~~~~~^^^^^^^^^^^^^^
  File "/Users/sagartripathi/Desktop/parsamba_dai/client-zone-main/backend/.venv/lib/python3.13/site-packages/passlib/utils/handlers.py", line 2311, in _set_backend
    super(SubclassBackendMixin, cls)._set_backend(name, dryrun)
    ~~~~~~~~~~~~~~~~~~~~~~~~~~~~~~~~~~~~~~~~~~~~~^^^^^^^^^^^^^^
  File "/Users/sagartripathi/Desktop/parsamba_dai/client-zone-main/backend/.venv/lib/python3.13/site-packages/passlib/utils/handlers.py", line 2224, in _set_backend
    ok = loader(**kwds)
  File "/Users/sagartripathi/Desktop/parsamba_dai/client-zone-main/backend/.venv/lib/python3.13/site-packages/passlib/handlers/bcrypt.py", line 626, in _load_backend_mixin
    return mixin_cls._finalize_backend_mixin(name, dryrun)
           ~~~~~~~~~~~~~~~~~~~~~~~~~~~~~~~~~^^^^^^^^^^^^^^
  File "/Users/sagartripathi/Desktop/parsamba_dai/client-zone-main/backend/.venv/lib/python3.13/site-packages/passlib/handlers/bcrypt.py", line 421, in _finalize_backend_mixin
    if detect_wrap_bug(IDENT_2A):
       ~~~~~~~~~~~~~~~^^^^^^^^^^
  File "/Users/sagartripathi/Desktop/parsamba_dai/client-zone-main/backend/.venv/lib/python3.13/site-packages/passlib/handlers/bcrypt.py", line 380, in detect_wrap_bug
    if verify(secret, bug_hash):
       ~~~~~~^^^^^^^^^^^^^^^^^^
  File "/Users/sagartripathi/Desktop/parsamba_dai/client-zone-main/backend/.venv/lib/python3.13/site-packages/passlib/utils/handlers.py", line 792, in verify
    return consteq(self._calc_checksum(secret), chk)
                   ~~~~~~~~~~~~~~~~~~~^^^^^^^^
  File "/Users/sagartripathi/Desktop/parsamba_dai/client-zone-main/backend/.venv/lib/python3.13/site-packages/passlib/handlers/bcrypt.py", line 655, in _calc_checksum
    hash = _bcrypt.hashpw(secret, config)
ValueError: password cannot be longer than 72 bytes, truncate manually if necessary (e.g. my_password[:72])
INFO:     127.0.0.1:64572 - "GET /api/health HTTP/1.1" 200 OK
INFO:     None:0 - "POST /api/auth/login HTTP/1.1" 401 Unauthorized
INFO:     None:0 - "POST /api/auth/login HTTP/1.1" 401 Unauthorized
2025-10-08 17:17:14,078 - passlib.handlers.bcrypt - WARNING - (trapped) error reading bcrypt version
Traceback (most recent call last):
  File "/Users/sagartripathi/Desktop/parsamba_dai/client-zone-main/backend/.venv/lib/python3.13/site-packages/passlib/handlers/bcrypt.py", line 620, in _load_backend_mixin
    version = _bcrypt.__about__.__version__
              ^^^^^^^^^^^^^^^^^
AttributeError: module 'bcrypt' has no attribute '__about__'
INFO:     None:0 - "POST /api/auth/register HTTP/1.1" 500 Internal Server Error
ERROR:    Exception in ASGI application
Traceback (most recent call last):
  File "/Users/sagartripathi/Desktop/parsamba_dai/client-zone-main/backend/.venv/lib/python3.13/site-packages/uvicorn/protocols/http/h11_impl.py", line 408, in run_asgi
    result = await app(  # type: ignore[func-returns-value]
             ^^^^^^^^^^^^^^^^^^^^^^^^^^^^^^^^^^^^^^^^^^^^^^
        self.scope, self.receive, self.send
        ^^^^^^^^^^^^^^^^^^^^^^^^^^^^^^^^^^^
    )
    ^
  File "/Users/sagartripathi/Desktop/parsamba_dai/client-zone-main/backend/.venv/lib/python3.13/site-packages/uvicorn/middleware/proxy_headers.py", line 84, in __call__
    return await self.app(scope, receive, send)
           ^^^^^^^^^^^^^^^^^^^^^^^^^^^^^^^^^^^^
  File "/Users/sagartripathi/Desktop/parsamba_dai/client-zone-main/backend/.venv/lib/python3.13/site-packages/fastapi/applications.py", line 1054, in __call__
    await super().__call__(scope, receive, send)
  File "/Users/sagartripathi/Desktop/parsamba_dai/client-zone-main/backend/.venv/lib/python3.13/site-packages/starlette/applications.py", line 123, in __call__
    await self.middleware_stack(scope, receive, send)
  File "/Users/sagartripathi/Desktop/parsamba_dai/client-zone-main/backend/.venv/lib/python3.13/site-packages/starlette/middleware/errors.py", line 186, in __call__
    raise exc
  File "/Users/sagartripathi/Desktop/parsamba_dai/client-zone-main/backend/.venv/lib/python3.13/site-packages/starlette/middleware/errors.py", line 164, in __call__
    await self.app(scope, receive, _send)
  File "/Users/sagartripathi/Desktop/parsamba_dai/client-zone-main/backend/.venv/lib/python3.13/site-packages/starlette/middleware/cors.py", line 93, in __call__
    await self.simple_response(scope, receive, send, request_headers=headers)
  File "/Users/sagartripathi/Desktop/parsamba_dai/client-zone-main/backend/.venv/lib/python3.13/site-packages/starlette/middleware/cors.py", line 148, in simple_response
    await self.app(scope, receive, send)
  File "/Users/sagartripathi/Desktop/parsamba_dai/client-zone-main/backend/.venv/lib/python3.13/site-packages/starlette/middleware/exceptions.py", line 65, in __call__
    await wrap_app_handling_exceptions(self.app, conn)(scope, receive, send)
  File "/Users/sagartripathi/Desktop/parsamba_dai/client-zone-main/backend/.venv/lib/python3.13/site-packages/starlette/_exception_handler.py", line 64, in wrapped_app
    raise exc
  File "/Users/sagartripathi/Desktop/parsamba_dai/client-zone-main/backend/.venv/lib/python3.13/site-packages/starlette/_exception_handler.py", line 53, in wrapped_app
    await app(scope, receive, sender)
  File "/Users/sagartripathi/Desktop/parsamba_dai/client-zone-main/backend/.venv/lib/python3.13/site-packages/starlette/routing.py", line 756, in __call__
    await self.middleware_stack(scope, receive, send)
  File "/Users/sagartripathi/Desktop/parsamba_dai/client-zone-main/backend/.venv/lib/python3.13/site-packages/starlette/routing.py", line 776, in app
    await route.handle(scope, receive, send)
  File "/Users/sagartripathi/Desktop/parsamba_dai/client-zone-main/backend/.venv/lib/python3.13/site-packages/starlette/routing.py", line 297, in handle
    await self.app(scope, receive, send)
  File "/Users/sagartripathi/Desktop/parsamba_dai/client-zone-main/backend/.venv/lib/python3.13/site-packages/starlette/routing.py", line 77, in app
    await wrap_app_handling_exceptions(app, request)(scope, receive, send)
  File "/Users/sagartripathi/Desktop/parsamba_dai/client-zone-main/backend/.venv/lib/python3.13/site-packages/starlette/_exception_handler.py", line 64, in wrapped_app
    raise exc
  File "/Users/sagartripathi/Desktop/parsamba_dai/client-zone-main/backend/.venv/lib/python3.13/site-packages/starlette/_exception_handler.py", line 53, in wrapped_app
    await app(scope, receive, sender)
  File "/Users/sagartripathi/Desktop/parsamba_dai/client-zone-main/backend/.venv/lib/python3.13/site-packages/starlette/routing.py", line 72, in app
    response = await func(request)
               ^^^^^^^^^^^^^^^^^^^
  File "/Users/sagartripathi/Desktop/parsamba_dai/client-zone-main/backend/.venv/lib/python3.13/site-packages/fastapi/routing.py", line 278, in app
    raw_response = await run_endpoint_function(
                   ^^^^^^^^^^^^^^^^^^^^^^^^^^^^
        dependant=dependant, values=values, is_coroutine=is_coroutine
        ^^^^^^^^^^^^^^^^^^^^^^^^^^^^^^^^^^^^^^^^^^^^^^^^^^^^^^^^^^^^^
    )
    ^
  File "/Users/sagartripathi/Desktop/parsamba_dai/client-zone-main/backend/.venv/lib/python3.13/site-packages/fastapi/routing.py", line 191, in run_endpoint_function
    return await dependant.call(**values)
           ^^^^^^^^^^^^^^^^^^^^^^^^^^^^^^
  File "/Users/sagartripathi/Desktop/parsamba_dai/client-zone-main/backend/server.py", line 316, in register
    hashed_password = get_password_hash(user_data.password)
  File "/Users/sagartripathi/Desktop/parsamba_dai/client-zone-main/backend/server.py", line 258, in get_password_hash
    return pwd_context.hash(password)
           ~~~~~~~~~~~~~~~~^^^^^^^^^^
  File "/Users/sagartripathi/Desktop/parsamba_dai/client-zone-main/backend/.venv/lib/python3.13/site-packages/passlib/context.py", line 2258, in hash
    return record.hash(secret, **kwds)
           ~~~~~~~~~~~^^^^^^^^^^^^^^^^
  File "/Users/sagartripathi/Desktop/parsamba_dai/client-zone-main/backend/.venv/lib/python3.13/site-packages/passlib/utils/handlers.py", line 779, in hash
    self.checksum = self._calc_checksum(secret)
                    ~~~~~~~~~~~~~~~~~~~^^^^^^^^
  File "/Users/sagartripathi/Desktop/parsamba_dai/client-zone-main/backend/.venv/lib/python3.13/site-packages/passlib/handlers/bcrypt.py", line 591, in _calc_checksum
    self._stub_requires_backend()
    ~~~~~~~~~~~~~~~~~~~~~~~~~~~^^
  File "/Users/sagartripathi/Desktop/parsamba_dai/client-zone-main/backend/.venv/lib/python3.13/site-packages/passlib/utils/handlers.py", line 2254, in _stub_requires_backend
    cls.set_backend()
    ~~~~~~~~~~~~~~~^^
  File "/Users/sagartripathi/Desktop/parsamba_dai/client-zone-main/backend/.venv/lib/python3.13/site-packages/passlib/utils/handlers.py", line 2156, in set_backend
    return owner.set_backend(name, dryrun=dryrun)
           ~~~~~~~~~~~~~~~~~^^^^^^^^^^^^^^^^^^^^^
  File "/Users/sagartripathi/Desktop/parsamba_dai/client-zone-main/backend/.venv/lib/python3.13/site-packages/passlib/utils/handlers.py", line 2163, in set_backend
    return cls.set_backend(name, dryrun=dryrun)
           ~~~~~~~~~~~~~~~^^^^^^^^^^^^^^^^^^^^^
  File "/Users/sagartripathi/Desktop/parsamba_dai/client-zone-main/backend/.venv/lib/python3.13/site-packages/passlib/utils/handlers.py", line 2188, in set_backend
    cls._set_backend(name, dryrun)
    ~~~~~~~~~~~~~~~~^^^^^^^^^^^^^^
  File "/Users/sagartripathi/Desktop/parsamba_dai/client-zone-main/backend/.venv/lib/python3.13/site-packages/passlib/utils/handlers.py", line 2311, in _set_backend
    super(SubclassBackendMixin, cls)._set_backend(name, dryrun)
    ~~~~~~~~~~~~~~~~~~~~~~~~~~~~~~~~~~~~~~~~~~~~~^^^^^^^^^^^^^^
  File "/Users/sagartripathi/Desktop/parsamba_dai/client-zone-main/backend/.venv/lib/python3.13/site-packages/passlib/utils/handlers.py", line 2224, in _set_backend
    ok = loader(**kwds)
  File "/Users/sagartripathi/Desktop/parsamba_dai/client-zone-main/backend/.venv/lib/python3.13/site-packages/passlib/handlers/bcrypt.py", line 626, in _load_backend_mixin
    return mixin_cls._finalize_backend_mixin(name, dryrun)
           ~~~~~~~~~~~~~~~~~~~~~~~~~~~~~~~~~^^^^^^^^^^^^^^
  File "/Users/sagartripathi/Desktop/parsamba_dai/client-zone-main/backend/.venv/lib/python3.13/site-packages/passlib/handlers/bcrypt.py", line 421, in _finalize_backend_mixin
    if detect_wrap_bug(IDENT_2A):
       ~~~~~~~~~~~~~~~^^^^^^^^^^
  File "/Users/sagartripathi/Desktop/parsamba_dai/client-zone-main/backend/.venv/lib/python3.13/site-packages/passlib/handlers/bcrypt.py", line 380, in detect_wrap_bug
    if verify(secret, bug_hash):
       ~~~~~~^^^^^^^^^^^^^^^^^^
  File "/Users/sagartripathi/Desktop/parsamba_dai/client-zone-main/backend/.venv/lib/python3.13/site-packages/passlib/utils/handlers.py", line 792, in verify
    return consteq(self._calc_checksum(secret), chk)
                   ~~~~~~~~~~~~~~~~~~~^^^^^^^^
  File "/Users/sagartripathi/Desktop/parsamba_dai/client-zone-main/backend/.venv/lib/python3.13/site-packages/passlib/handlers/bcrypt.py", line 655, in _calc_checksum
    hash = _bcrypt.hashpw(secret, config)
ValueError: password cannot be longer than 72 bytes, truncate manually if necessary (e.g. my_password[:72])
WARNING:  WatchFiles detected changes in 'backend/.venv/lib/python3.13/site-packages/~crypt/__init__.py', 'backend/.venv/lib/python3.13/site-packages/bcrypt/__about__.py', 'backend/.venv/lib/python3.13/site-packages/bcrypt/__init__.py'. Reloading...
INFO:     Shutting down
INFO:     Waiting for application shutdown.
INFO:     Application shutdown complete.
INFO:     Finished server process [31936]
INFO:     Started server process [40005]
INFO:     Waiting for application startup.
2025-10-08 17:18:48,500 - backend.server - INFO - Connected to MongoDB at mongodb://localhost:27017 (DB: crm_db)
INFO:     Application startup complete.
INFO:     Shutting down
INFO:     Waiting for application shutdown.
INFO:     Application shutdown complete.
INFO:     Finished server process [40005]
INFO:     Stopping reloader process [31933]
