INFO:     Started server process [40496]
INFO:     Waiting for application startup.
2025-10-08 17:19:11,478 - backend.server - INFO - Connected to MongoDB at mongodb://localhost:27017 (DB: crm_db)
INFO:     Application startup complete.
INFO:     Uvicorn running on http://127.0.0.1:8000 (Press CTRL+C to quit)
INFO:     127.0.0.1:65139 - "GET /api/health HTTP/1.1" 200 OK
INFO:     None:0 - "POST /api/auth/login HTTP/1.1" 401 Unauthorized
INFO:     None:0 - "POST /api/auth/login HTTP/1.1" 401 Unauthorized
INFO:     None:0 - "POST /api/auth/login HTTP/1.1" 401 Unauthorized
INFO:     None:0 - "POST /api/auth/login HTTP/1.1" 401 Unauthorized
INFO:     None:0 - "POST /api/auth/register HTTP/1.1" 200 OK
INFO:     None:0 - "POST /api/auth/login HTTP/1.1" 200 OK
INFO:     None:0 - "GET /api/campaigns HTTP/1.1" 200 OK
INFO:     None:0 - "GET /api/campaigns HTTP/1.1" 200 OK
INFO:     None:0 - "GET /api/leads HTTP/1.1" 200 OK
INFO:     None:0 - "GET /api/leads HTTP/1.1" 200 OK
INFO:     None:0 - "GET /api/campaigns HTTP/1.1" 200 OK
INFO:     None:0 - "GET /api/leads HTTP/1.1" 200 OK
INFO:     None:0 - "GET /api/campaigns HTTP/1.1" 200 OK
INFO:     None:0 - "GET /api/leads HTTP/1.1" 200 OK
INFO:     None:0 - "GET /api/leads HTTP/1.1" 200 OK
INFO:     None:0 - "GET /api/campaigns HTTP/1.1" 200 OK
INFO:     None:0 - "GET /api/leads HTTP/1.1" 200 OK
INFO:     None:0 - "GET /api/campaigns HTTP/1.1" 200 OK
INFO:     None:0 - "GET /api/meetings HTTP/1.1" 200 OK
INFO:     None:0 - "GET /api/leads HTTP/1.1" 200 OK
INFO:     None:0 - "GET /api/meetings HTTP/1.1" 200 OK
INFO:     None:0 - "GET /api/leads HTTP/1.1" 200 OK
INFO:     None:0 - "GET /api/tickets HTTP/1.1" 200 OK
INFO:     None:0 - "GET /api/tickets HTTP/1.1" 200 OK
INFO:     None:0 - "GET /api/campaigns HTTP/1.1" 200 OK
INFO:     None:0 - "GET /api/campaigns HTTP/1.1" 200 OK
INFO:     None:0 - "GET /api/leads HTTP/1.1" 200 OK
INFO:     None:0 - "GET /api/leads HTTP/1.1" 200 OK
INFO:     None:0 - "GET /api/tickets HTTP/1.1" 200 OK
INFO:     None:0 - "GET /api/tickets HTTP/1.1" 200 OK
INFO:     None:0 - "GET /api/meetings HTTP/1.1" 200 OK
INFO:     None:0 - "GET /api/leads HTTP/1.1" 200 OK
INFO:     None:0 - "GET /api/leads HTTP/1.1" 200 OK
INFO:     None:0 - "GET /api/meetings HTTP/1.1" 200 OK
INFO:     None:0 - "POST /api/auth/login HTTP/1.1" 401 Unauthorized
INFO:     None:0 - "POST /api/auth/login HTTP/1.1" 401 Unauthorized
INFO:     None:0 - "POST /api/auth/register HTTP/1.1" 200 OK
INFO:     None:0 - "POST /api/auth/register HTTP/1.1" 200 OK
INFO:     None:0 - "POST /api/auth/register HTTP/1.1" 400 Bad Request
INFO:     None:0 - "POST /api/auth/register HTTP/1.1" 400 Bad Request
INFO:     None:0 - "POST /api/auth/login HTTP/1.1" 401 Unauthorized
INFO:     None:0 - "POST /api/auth/login HTTP/1.1" 200 OK
INFO:     None:0 - "GET /api/campaigns HTTP/1.1" 200 OK
INFO:     None:0 - "GET /api/campaigns HTTP/1.1" 200 OK
INFO:     None:0 - "GET /api/leads HTTP/1.1" 200 OK
INFO:     None:0 - "GET /api/leads HTTP/1.1" 200 OK
INFO:     None:0 - "GET /api/leads HTTP/1.1" 200 OK
INFO:     None:0 - "GET /api/campaigns HTTP/1.1" 200 OK
INFO:     None:0 - "GET /api/leads HTTP/1.1" 200 OK
INFO:     None:0 - "GET /api/campaigns HTTP/1.1" 200 OK
INFO:     None:0 - "POST /api/auth/login HTTP/1.1" 200 OK
INFO:     None:0 - "GET /api/campaigns HTTP/1.1" 200 OK
INFO:     None:0 - "GET /api/campaigns HTTP/1.1" 200 OK
INFO:     None:0 - "GET /api/leads HTTP/1.1" 200 OK
INFO:     None:0 - "GET /api/leads HTTP/1.1" 200 OK
INFO:     None:0 - "POST /api/auth/login HTTP/1.1" 401 Unauthorized
INFO:     None:0 - "POST /api/auth/register HTTP/1.1" 200 OK
INFO:     None:0 - "POST /api/auth/login HTTP/1.1" 200 OK
INFO:     None:0 - "GET /api/campaigns HTTP/1.1" 200 OK
INFO:     None:0 - "GET /api/campaigns HTTP/1.1" 200 OK
INFO:     None:0 - "GET /api/leads HTTP/1.1" 200 OK
INFO:     None:0 - "GET /api/leads HTTP/1.1" 200 OK
INFO:     None:0 - "GET /api/campaigns HTTP/1.1" 200 OK
INFO:     None:0 - "GET /api/leads HTTP/1.1" 200 OK
INFO:     None:0 - "GET /api/campaigns HTTP/1.1" 200 OK
INFO:     None:0 - "GET /api/leads HTTP/1.1" 200 OK
INFO:     None:0 - "POST /api/campaigns HTTP/1.1" 200 OK
INFO:     None:0 - "GET /api/campaigns HTTP/1.1" 200 OK
INFO:     None:0 - "GET /api/leads HTTP/1.1" 200 OK
INFO:     None:0 - "GET /api/leads HTTP/1.1" 200 OK
INFO:     None:0 - "GET /api/campaigns HTTP/1.1" 200 OK
INFO:     None:0 - "GET /api/leads HTTP/1.1" 200 OK
INFO:     None:0 - "GET /api/campaigns HTTP/1.1" 200 OK
INFO:     None:0 - "GET /api/auth/me HTTP/1.1" 200 OK
INFO:     None:0 - "GET /api/auth/me HTTP/1.1" 200 OK
INFO:     None:0 - "GET /api/campaigns HTTP/1.1" 200 OK
INFO:     None:0 - "GET /api/campaigns HTTP/1.1" 200 OK
INFO:     None:0 - "GET /api/leads HTTP/1.1" 200 OK
INFO:     None:0 - "GET /api/leads HTTP/1.1" 200 OK
INFO:     None:0 - "GET /api/leads HTTP/1.1" 200 OK
INFO:     None:0 - "GET /api/campaigns HTTP/1.1" 200 OK
INFO:     None:0 - "GET /api/leads HTTP/1.1" 200 OK
INFO:     None:0 - "GET /api/campaigns HTTP/1.1" 200 OK
INFO:     None:0 - "GET /api/leads HTTP/1.1" 200 OK
INFO:     None:0 - "GET /api/meetings HTTP/1.1" 200 OK
INFO:     None:0 - "GET /api/meetings HTTP/1.1" 200 OK
INFO:     None:0 - "GET /api/leads HTTP/1.1" 200 OK
INFO:     None:0 - "GET /api/leads HTTP/1.1" 200 OK
INFO:     None:0 - "GET /api/campaigns HTTP/1.1" 200 OK
INFO:     None:0 - "GET /api/campaigns HTTP/1.1" 200 OK
INFO:     None:0 - "GET /api/leads HTTP/1.1" 200 OK
INFO:     None:0 - "GET /api/auth/me HTTP/1.1" 200 OK
INFO:     None:0 - "GET /api/auth/me HTTP/1.1" 200 OK
INFO:     None:0 - "GET /api/campaigns HTTP/1.1" 200 OK
INFO:     None:0 - "GET /api/campaigns HTTP/1.1" 200 OK
INFO:     None:0 - "GET /api/leads HTTP/1.1" 200 OK
INFO:     None:0 - "GET /api/leads HTTP/1.1" 200 OK
INFO:     None:0 - "GET /api/campaigns HTTP/1.1" 200 OK
INFO:     None:0 - "GET /api/leads HTTP/1.1" 200 OK
INFO:     None:0 - "GET /api/campaigns HTTP/1.1" 200 OK
INFO:     None:0 - "GET /api/leads HTTP/1.1" 200 OK
INFO:     None:0 - "POST /api/leads HTTP/1.1" 200 OK
INFO:     None:0 - "GET /api/campaigns HTTP/1.1" 200 OK
INFO:     None:0 - "GET /api/leads HTTP/1.1" 200 OK
INFO:     None:0 - "POST /api/auth/login HTTP/1.1" 200 OK
INFO:     None:0 - "GET /api/campaigns HTTP/1.1" 200 OK
INFO:     None:0 - "GET /api/campaigns HTTP/1.1" 200 OK
INFO:     None:0 - "GET /api/leads HTTP/1.1" 200 OK
INFO:     None:0 - "GET /api/leads HTTP/1.1" 200 OK
INFO:     None:0 - "GET /api/leads HTTP/1.1" 200 OK
INFO:     None:0 - "GET /api/campaigns HTTP/1.1" 200 OK
INFO:     None:0 - "GET /api/leads HTTP/1.1" 200 OK
INFO:     None:0 - "GET /api/campaigns HTTP/1.1" 200 OK
INFO:     None:0 - "GET /api/meetings HTTP/1.1" 200 OK
INFO:     None:0 - "GET /api/leads HTTP/1.1" 200 OK
INFO:     None:0 - "GET /api/leads HTTP/1.1" 200 OK
INFO:     None:0 - "GET /api/meetings HTTP/1.1" 200 OK
INFO:     None:0 - "GET /api/campaigns HTTP/1.1" 200 OK
INFO:     None:0 - "GET /api/campaigns HTTP/1.1" 200 OK
INFO:     None:0 - "GET /api/leads HTTP/1.1" 200 OK
INFO:     None:0 - "GET /api/leads HTTP/1.1" 200 OK
INFO:     None:0 - "POST /api/auth/login HTTP/1.1" 200 OK
INFO:     None:0 - "GET /api/campaigns HTTP/1.1" 200 OK
INFO:     None:0 - "GET /api/campaigns HTTP/1.1" 200 OK
INFO:     None:0 - "GET /api/leads HTTP/1.1" 200 OK
INFO:     None:0 - "GET /api/leads HTTP/1.1" 200 OK
INFO:     None:0 - "GET /api/campaigns HTTP/1.1" 200 OK
INFO:     None:0 - "GET /api/leads HTTP/1.1" 200 OK
INFO:     None:0 - "GET /api/leads HTTP/1.1" 200 OK
INFO:     None:0 - "GET /api/campaigns HTTP/1.1" 200 OK
INFO:     None:0 - "GET /api/meetings HTTP/1.1" 200 OK
INFO:     None:0 - "GET /api/leads HTTP/1.1" 200 OK
INFO:     None:0 - "GET /api/meetings HTTP/1.1" 200 OK
INFO:     None:0 - "GET /api/leads HTTP/1.1" 200 OK
INFO:     None:0 - "GET /api/campaigns HTTP/1.1" 200 OK
INFO:     None:0 - "GET /api/campaigns HTTP/1.1" 200 OK
INFO:     None:0 - "GET /api/leads HTTP/1.1" 200 OK
INFO:     None:0 - "GET /api/leads HTTP/1.1" 200 OK
INFO:     None:0 - "GET /api/campaigns HTTP/1.1" 200 OK
INFO:     None:0 - "GET /api/leads HTTP/1.1" 200 OK
INFO:     None:0 - "GET /api/campaigns HTTP/1.1" 200 OK
INFO:     None:0 - "GET /api/leads HTTP/1.1" 200 OK
INFO:     None:0 - "POST /api/campaigns HTTP/1.1" 403 Forbidden
INFO:     None:0 - "POST /api/campaigns HTTP/1.1" 403 Forbidden
INFO:     None:0 - "GET /api/auth/me HTTP/1.1" 200 OK
INFO:     None:0 - "GET /api/auth/me HTTP/1.1" 200 OK
INFO:     None:0 - "GET /api/campaigns HTTP/1.1" 200 OK
INFO:     None:0 - "GET /api/leads HTTP/1.1" 200 OK
INFO:     None:0 - "GET /api/campaigns HTTP/1.1" 200 OK
INFO:     None:0 - "GET /api/leads HTTP/1.1" 200 OK
INFO:     None:0 - "GET /api/campaigns HTTP/1.1" 200 OK
INFO:     None:0 - "GET /api/leads HTTP/1.1" 200 OK
INFO:     None:0 - "GET /api/campaigns HTTP/1.1" 200 OK
INFO:     None:0 - "GET /api/leads HTTP/1.1" 200 OK
INFO:     None:0 - "GET /api/leads HTTP/1.1" 200 OK
INFO:     None:0 - "GET /api/campaigns HTTP/1.1" 200 OK
INFO:     None:0 - "GET /api/campaigns HTTP/1.1" 200 OK
INFO:     None:0 - "GET /api/leads HTTP/1.1" 200 OK
INFO:     None:0 - "POST /api/auth/login HTTP/1.1" 200 OK
INFO:     None:0 - "GET /api/campaigns HTTP/1.1" 200 OK
INFO:     None:0 - "GET /api/campaigns HTTP/1.1" 200 OK
INFO:     None:0 - "GET /api/leads HTTP/1.1" 200 OK
INFO:     None:0 - "GET /api/leads HTTP/1.1" 200 OK
INFO:     None:0 - "GET /api/campaigns HTTP/1.1" 200 OK
INFO:     None:0 - "GET /api/leads HTTP/1.1" 200 OK
INFO:     None:0 - "GET /api/campaigns HTTP/1.1" 200 OK
INFO:     None:0 - "GET /api/leads HTTP/1.1" 200 OK
INFO:     None:0 - "GET /api/campaigns/580ff941-1e13-44ec-907d-acaa5d1cebc0/stats HTTP/1.1" 200 OK
INFO:     None:0 - "GET /api/campaigns HTTP/1.1" 200 OK
INFO:     None:0 - "GET /api/leads HTTP/1.1" 200 OK
INFO:     None:0 - "GET /api/campaigns HTTP/1.1" 200 OK
INFO:     None:0 - "GET /api/leads HTTP/1.1" 200 OK
INFO:     None:0 - "GET /api/campaigns HTTP/1.1" 200 OK
INFO:     None:0 - "GET /api/leads HTTP/1.1" 200 OK
INFO:     None:0 - "GET /api/leads HTTP/1.1" 200 OK
INFO:     None:0 - "GET /api/campaigns HTTP/1.1" 200 OK
INFO:     None:0 - "GET /api/leads HTTP/1.1" 200 OK
INFO:     None:0 - "GET /api/campaigns HTTP/1.1" 200 OK
INFO:     None:0 - "GET /api/leads HTTP/1.1" 200 OK
INFO:     None:0 - "GET /api/campaigns HTTP/1.1" 200 OK
INFO:     None:0 - "GET /api/meetings HTTP/1.1" 200 OK
INFO:     None:0 - "GET /api/leads HTTP/1.1" 200 OK
INFO:     None:0 - "GET /api/meetings HTTP/1.1" 200 OK
INFO:     None:0 - "GET /api/leads HTTP/1.1" 200 OK
INFO:     None:0 - "GET /api/tickets HTTP/1.1" 200 OK
INFO:     None:0 - "GET /api/tickets HTTP/1.1" 200 OK
INFO:     None:0 - "GET /api/campaigns HTTP/1.1" 200 OK
INFO:     None:0 - "GET /api/campaigns HTTP/1.1" 200 OK
INFO:     None:0 - "GET /api/leads HTTP/1.1" 200 OK
INFO:     None:0 - "GET /api/leads HTTP/1.1" 200 OK
INFO:     None:0 - "GET /api/leads HTTP/1.1" 200 OK
INFO:     None:0 - "GET /api/campaigns HTTP/1.1" 200 OK
INFO:     None:0 - "GET /api/leads HTTP/1.1" 200 OK
INFO:     None:0 - "GET /api/campaigns HTTP/1.1" 200 OK
INFO:     None:0 - "GET /api/leads HTTP/1.1" 200 OK
INFO:     None:0 - "GET /api/campaigns HTTP/1.1" 200 OK
INFO:     None:0 - "GET /api/campaigns HTTP/1.1" 200 OK
INFO:     None:0 - "GET /api/leads HTTP/1.1" 200 OK
INFO:     None:0 - "GET /api/leads HTTP/1.1" 200 OK
INFO:     None:0 - "GET /api/campaigns HTTP/1.1" 200 OK
INFO:     None:0 - "GET /api/leads HTTP/1.1" 200 OK
INFO:     None:0 - "GET /api/campaigns HTTP/1.1" 200 OK
INFO:     None:0 - "POST /api/auth/login HTTP/1.1" 200 OK
INFO:     None:0 - "GET /api/campaigns HTTP/1.1" 200 OK
INFO:     None:0 - "GET /api/campaigns HTTP/1.1" 200 OK
INFO:     None:0 - "GET /api/leads HTTP/1.1" 200 OK
INFO:     None:0 - "GET /api/leads HTTP/1.1" 200 OK
INFO:     None:0 - "GET /api/leads HTTP/1.1" 200 OK
INFO:     None:0 - "GET /api/campaigns HTTP/1.1" 200 OK
INFO:     None:0 - "GET /api/leads HTTP/1.1" 200 OK
INFO:     None:0 - "GET /api/campaigns HTTP/1.1" 200 OK
INFO:     None:0 - "GET /api/leads HTTP/1.1" 200 OK
INFO:     None:0 - "GET /api/campaigns HTTP/1.1" 200 OK
INFO:     None:0 - "GET /api/leads HTTP/1.1" 200 OK
INFO:     None:0 - "GET /api/campaigns HTTP/1.1" 200 OK
INFO:     None:0 - "GET /api/campaigns HTTP/1.1" 200 OK
INFO:     None:0 - "GET /api/leads HTTP/1.1" 200 OK
INFO:     None:0 - "GET /api/campaigns HTTP/1.1" 200 OK
INFO:     None:0 - "GET /api/leads HTTP/1.1" 200 OK
INFO:     None:0 - "GET /api/leads HTTP/1.1" 200 OK
INFO:     None:0 - "GET /api/campaigns HTTP/1.1" 200 OK
INFO:     None:0 - "GET /api/leads HTTP/1.1" 200 OK
INFO:     None:0 - "GET /api/campaigns HTTP/1.1" 200 OK
INFO:     None:0 - "PUT /api/leads/4b32d186-6ee6-428d-accb-e3d86428dcab HTTP/1.1" 200 OK
INFO:     None:0 - "GET /api/leads HTTP/1.1" 200 OK
INFO:     None:0 - "GET /api/campaigns HTTP/1.1" 200 OK
INFO:     None:0 - "GET /api/auth/me HTTP/1.1" 401 Unauthorized
INFO:     None:0 - "GET /api/auth/me HTTP/1.1" 401 Unauthorized
INFO:     None:0 - "GET /favicon.ico HTTP/1.1" 404 Not Found
INFO:     127.0.0.1:59551 - "GET / HTTP/1.1" 404 Not Found
INFO:     127.0.0.1:59551 - "GET /favicon.ico HTTP/1.1" 404 Not Found
INFO:     127.0.0.1:59564 - "GET /api/health HTTP/1.1" 200 OK
INFO:     127.0.0.1:59564 - "GET /favicon.ico HTTP/1.1" 404 Not Found
INFO:     127.0.0.1:59668 - "GET /api/health HTTP/1.1" 200 OK
INFO:     None:0 - "POST /api/auth/login HTTP/1.1" 200 OK
INFO:     None:0 - "GET /api/campaigns HTTP/1.1" 200 OK
INFO:     None:0 - "GET /api/leads HTTP/1.1" 200 OK
INFO:     None:0 - "GET /api/campaigns HTTP/1.1" 200 OK
INFO:     None:0 - "GET /api/leads HTTP/1.1" 200 OK
INFO:     None:0 - "GET /api/auth/me HTTP/1.1" 200 OK
INFO:     None:0 - "GET /api/auth/me HTTP/1.1" 200 OK
INFO:     None:0 - "GET /api/campaigns HTTP/1.1" 200 OK
INFO:     None:0 - "GET /api/campaigns HTTP/1.1" 200 OK
INFO:     None:0 - "GET /api/leads HTTP/1.1" 200 OK
INFO:     None:0 - "GET /api/leads HTTP/1.1" 200 OK
INFO:     None:0 - "GET /api/leads HTTP/1.1" 200 OK
INFO:     None:0 - "GET /api/campaigns HTTP/1.1" 200 OK
INFO:     None:0 - "GET /api/campaigns HTTP/1.1" 200 OK
INFO:     None:0 - "GET /api/leads HTTP/1.1" 200 OK
INFO:     None:0 - "GET /api/auth/me HTTP/1.1" 200 OK
INFO:     None:0 - "GET /api/auth/me HTTP/1.1" 200 OK
INFO:     None:0 - "GET /api/leads HTTP/1.1" 200 OK
INFO:     None:0 - "GET /api/campaigns HTTP/1.1" 200 OK
INFO:     None:0 - "GET /api/leads HTTP/1.1" 200 OK
INFO:     None:0 - "GET /api/campaigns HTTP/1.1" 200 OK
INFO:     None:0 - "GET /api/campaigns HTTP/1.1" 200 OK
INFO:     None:0 - "GET /api/leads HTTP/1.1" 200 OK
INFO:     None:0 - "GET /api/leads HTTP/1.1" 200 OK
INFO:     None:0 - "GET /api/campaigns HTTP/1.1" 200 OK
INFO:     None:0 - "GET /api/campaigns HTTP/1.1" 200 OK
INFO:     None:0 - "GET /api/leads HTTP/1.1" 200 OK
INFO:     None:0 - "GET /api/campaigns HTTP/1.1" 200 OK
INFO:     None:0 - "GET /api/leads HTTP/1.1" 200 OK
INFO:     None:0 - "GET /api/auth/me HTTP/1.1" 200 OK
INFO:     None:0 - "GET /api/auth/me HTTP/1.1" 200 OK
INFO:     None:0 - "GET /api/campaigns HTTP/1.1" 200 OK
INFO:     None:0 - "GET /api/leads HTTP/1.1" 200 OK
INFO:     None:0 - "GET /api/campaigns HTTP/1.1" 200 OK
INFO:     None:0 - "GET /api/leads HTTP/1.1" 200 OK
